#
# There is insufficient memory for the Java Runtime Environment to continue.
# Native memory allocation (mmap) failed to map 528482304 bytes for committing reserved memory.
# Possible reasons:
#   The system is out of physical RAM or swap space
#   The process is running with CompressedOops enabled, and the Java Heap may be blocking the growth of the native heap
# Possible solutions:
#   Reduce memory load on the system
#   Increase physical memory or swap space
#   Check if swap backing store is full
#   Decrease Java heap size (-Xmx/-Xms)
#   Decrease number of Java threads
#   Decrease Java thread stack sizes (-Xss)
#   Set larger code cache with -XX:ReservedCodeCacheSize=
#   JVM is running with Unscaled Compressed Oops mode in which the Java heap is
#     placed in the first 4GB address space. The Java Heap base address is the
#     maximum limit for the native heap growth. Please use -XX:HeapBaseMinAddress
#     to set the Java Heap base and to place the Java Heap above 4GB virtual address.
# This output file may be truncated or incomplete.
#
#  Out of Memory Error (os_linux.cpp:2893), pid=7718, tid=7725
#
# JRE version: OpenJDK Runtime Environment (11.0.4+11) (build 11.0.4+11-post-Ubuntu-1ubuntu218.04.3)
# Java VM: OpenJDK 64-Bit Server VM (11.0.4+11-post-Ubuntu-1ubuntu218.04.3, mixed mode, sharing, tiered, compressed oops, g1 gc, linux-amd64)
# Core dump will be written. Default location: Core dumps may be processed with "/usr/share/apport/apport %p %s %c %d %P" (or dumping to /home/david/Lateral/jvm/core.7718)
#

---------------  S U M M A R Y ------------

Command Line: Helper

Host: Intel(R) Core(TM) i5-5200U CPU @ 2.20GHz, 4 cores, 7G, Ubuntu 18.04.3 LTS
Time: Thu Oct 10 01:10:51 2019 EDT elapsed time: 2 seconds (0d 0h 0m 2s)

---------------  T H R E A D  ---------------

Current thread (0x00007f7ae8105800):  VMThread "VM Thread" [stack: 0x00007f7ac8160000,0x00007f7ac8260000] [id=7725]

Stack: [0x00007f7ac8160000,0x00007f7ac8260000],  sp=0x00007f7ac825dff0,  free space=1015k
Native frames: (J=compiled Java code, A=aot compiled Java code, j=interpreted, Vv=VM code, C=native code)
V  [libjvm.so+0xde4547]
V  [libjvm.so+0xde519b]
V  [libjvm.so+0x6511a5]
V  [libjvm.so+0xbbed38]
V  [libjvm.so+0xbb5ebd]
V  [libjvm.so+0x76f53f]
V  [libjvm.so+0x76f7ae]
V  [libjvm.so+0x77b820]
V  [libjvm.so+0x7f6969]
V  [libjvm.so+0x7f75c2]
V  [libjvm.so+0x7f7a29]
V  [libjvm.so+0x72de6f]
V  [libjvm.so+0x732b6a]
V  [libjvm.so+0xdf01e1]
V  [libjvm.so+0xdeeda8]
V  [libjvm.so+0xdec5e6]
V  [libjvm.so+0xdecaf0]
V  [libjvm.so+0xdecf23]
V  [libjvm.so+0xd7aeea]
V  [libjvm.so+0xbc4a5e]

VM_Operation (0x00007f7af109a590): G1CollectForAllocation, mode: safepoint, requested by thread 0x00007f7ae8012000


---------------  P R O C E S S  ---------------

Threads class SMR info:
_java_thread_list=0x00007f7aa0004a40, length=10, elements={
0x00007f7ae8012000, 0x00007f7ae8108800, 0x00007f7ae810a800, 0x00007f7ae810f800,
0x00007f7ae8112000, 0x00007f7ae8114000, 0x00007f7ae8116000, 0x00007f7ae814d000,
0x00007f7ae8155800, 0x00007f7aa0003000
}

Java Threads: ( => current thread )
  0x00007f7ae8012000 JavaThread "main" [_thread_blocked, id=7719, stack(0x00007f7af0f9f000,0x00007f7af10a0000)]
  0x00007f7ae8108800 JavaThread "Reference Handler" daemon [_thread_blocked, id=7726, stack(0x00007f7ac805d000,0x00007f7ac815e000)]
  0x00007f7ae810a800 JavaThread "Finalizer" daemon [_thread_blocked, id=7727, stack(0x00007f7ac16ff000,0x00007f7ac1800000)]
  0x00007f7ae810f800 JavaThread "Signal Dispatcher" daemon [_thread_blocked, id=7728, stack(0x00007f7ac0b2f000,0x00007f7ac0c30000)]
  0x00007f7ae8112000 JavaThread "C2 CompilerThread0" daemon [_thread_blocked, id=7729, stack(0x00007f7ac0a2e000,0x00007f7ac0b2f000)]
  0x00007f7ae8114000 JavaThread "C1 CompilerThread0" daemon [_thread_blocked, id=7730, stack(0x00007f7ac092d000,0x00007f7ac0a2e000)]
  0x00007f7ae8116000 JavaThread "Sweeper thread" daemon [_thread_blocked, id=7731, stack(0x00007f7ac082c000,0x00007f7ac092d000)]
  0x00007f7ae814d000 JavaThread "Service Thread" daemon [_thread_blocked, id=7732, stack(0x00007f7ac072b000,0x00007f7ac082c000)]
  0x00007f7ae8155800 JavaThread "Common-Cleaner" daemon [_thread_blocked, id=7734, stack(0x00007f7ac0528000,0x00007f7ac0629000)]
  0x00007f7aa0003000 JavaThread "SIGINT handler" daemon [_thread_blocked, id=7738, stack(0x00007f7a8fbf9000,0x00007f7a8fcfa000)]

Other Threads:
=>0x00007f7ae8105800 VMThread "VM Thread" [stack: 0x00007f7ac8160000,0x00007f7ac8260000] [id=7725]
  0x00007f7ae8028000 GCTaskThread "GC Thread#0" [stack: 0x00007f7aecfa5000,0x00007f7aed0a5000] [id=7720]
  0x00007f7ab4001000 GCTaskThread "GC Thread#1" [stack: 0x00007f7a8ff00000,0x00007f7a90000000] [id=7735]
  0x00007f7ab4002800 GCTaskThread "GC Thread#2" [stack: 0x00007f7a8fdfe000,0x00007f7a8fefe000] [id=7736]
  0x00007f7ab406c800 GCTaskThread "GC Thread#3" [stack: 0x00007f7a8fcfc000,0x00007f7a8fdfc000] [id=7737]
  0x00007f7ae8059000 ConcurrentGCThread "G1 Main Marker" [stack: 0x00007f7ad0856000,0x00007f7ad0956000] [id=7721]
  0x00007f7ae805b000 ConcurrentGCThread "G1 Conc#0" [stack: 0x00007f7ad0754000,0x00007f7ad0854000] [id=7722]
  0x00007f7ae80d3000 ConcurrentGCThread "G1 Refine#0" [stack: 0x00007f7ad024e000,0x00007f7ad034e000] [id=7723]
  0x00007f7ae80d5000 ConcurrentGCThread "G1 Young RemSet Sampling" [stack: 0x00007f7ad014c000,0x00007f7ad024c000] [id=7724]

Threads with active compile tasks:

VM state:at safepoint (normal execution)

VM Mutex/Monitor currently owned by a thread:  ([mutex/lock_event])
[0x00007f7ae800e0f0] Threads_lock - owner thread: 0x00007f7ae8105800
[0x00007f7ae800e840] Heap_lock - owner thread: 0x00007f7ae8012000

Heap address: 0x0000000084c00000, size: 1972 MB, Compressed Oops mode: 32-bit
Narrow klass base: 0x0000000800000000, Narrow klass shift: 3
Compressed class space size: 1073741824 Address: 0x0000000840000000

Heap:
 garbage-first heap   total 774144K, used 184952K [0x0000000084c00000, 0x0000000100000000)
  region size 1024K, 3 young (3072K), 3 survivors (3072K)
 Metaspace       used 1018K, capacity 4784K, committed 4864K, reserved 1056768K
  class space    used 99K, capacity 468K, committed 512K, reserved 1048576K
Heap Regions: E=young(eden), S=young(survivor), O=old, HS=humongous(starts), HC=humongous(continues), CS=collection set, F=free, A=archive, TAMS=top-at-mark-start (previous, next)
|   0|0x0000000084c00000, 0x0000000084d00000, 0x0000000084d00000|100%| O|  |TAMS 0x0000000084c00000, 0x0000000084d00000| Untracked 
|   1|0x0000000084d00000, 0x0000000084e00000, 0x0000000084e00000|100%| O|  |TAMS 0x0000000084d00000, 0x0000000084e00000| Untracked 
|   2|0x0000000084e00000, 0x0000000084f00000, 0x0000000084f00000|100%| O|  |TAMS 0x0000000084e00000, 0x0000000084f00000| Untracked 
|   3|0x0000000084f00000, 0x0000000085000000, 0x0000000085000000|100%| O|  |TAMS 0x0000000084f00000, 0x0000000085000000| Untracked 
|   4|0x0000000085000000, 0x0000000085100000, 0x0000000085100000|100%| O|  |TAMS 0x0000000085000000, 0x0000000085100000| Untracked 
|   5|0x0000000085100000, 0x0000000085200000, 0x0000000085200000|100%| O|  |TAMS 0x0000000085100000, 0x0000000085200000| Untracked 
|   6|0x0000000085200000, 0x0000000085300000, 0x0000000085300000|100%| O|  |TAMS 0x0000000085200000, 0x0000000085300000| Untracked 
|   7|0x0000000085300000, 0x0000000085400000, 0x0000000085400000|100%| O|  |TAMS 0x0000000085300000, 0x0000000085400000| Untracked 
|   8|0x0000000085400000, 0x0000000085500000, 0x0000000085500000|100%| O|  |TAMS 0x0000000085400000, 0x0000000085500000| Untracked 
|   9|0x0000000085500000, 0x0000000085600000, 0x0000000085600000|100%| O|  |TAMS 0x0000000085500000, 0x0000000085600000| Untracked 
|  10|0x0000000085600000, 0x0000000085700000, 0x0000000085700000|100%| O|  |TAMS 0x0000000085600000, 0x0000000085700000| Untracked 
|  11|0x0000000085700000, 0x0000000085800000, 0x0000000085800000|100%| O|  |TAMS 0x0000000085700000, 0x0000000085800000| Untracked 
|  12|0x0000000085800000, 0x0000000085900000, 0x0000000085900000|100%| O|  |TAMS 0x0000000085800000, 0x0000000085900000| Untracked 
|  13|0x0000000085900000, 0x0000000085a00000, 0x0000000085a00000|100%| O|  |TAMS 0x0000000085900000, 0x0000000085a00000| Untracked 
|  14|0x0000000085a00000, 0x0000000085b00000, 0x0000000085b00000|100%| O|  |TAMS 0x0000000085a00000, 0x0000000085b00000| Untracked 
|  15|0x0000000085b00000, 0x0000000085c00000, 0x0000000085c00000|100%| O|  |TAMS 0x0000000085b00000, 0x0000000085c00000| Untracked 
|  16|0x0000000085c00000, 0x0000000085d00000, 0x0000000085d00000|100%| O|  |TAMS 0x0000000085c00000, 0x0000000085d00000| Untracked 
|  17|0x0000000085d00000, 0x0000000085e00000, 0x0000000085e00000|100%| O|  |TAMS 0x0000000085d00000, 0x0000000085e00000| Untracked 
|  18|0x0000000085e00000, 0x0000000085f00000, 0x0000000085f00000|100%| O|  |TAMS 0x0000000085e00000, 0x0000000085f00000| Untracked 
|  19|0x0000000085f00000, 0x0000000086000000, 0x0000000086000000|100%| O|  |TAMS 0x0000000085f00000, 0x0000000086000000| Untracked 
|  20|0x0000000086000000, 0x0000000086100000, 0x0000000086100000|100%| O|  |TAMS 0x0000000086000000, 0x0000000086100000| Untracked 
|  21|0x0000000086100000, 0x0000000086200000, 0x0000000086200000|100%| O|  |TAMS 0x0000000086100000, 0x0000000086200000| Untracked 
|  22|0x0000000086200000, 0x0000000086300000, 0x0000000086300000|100%| O|  |TAMS 0x0000000086200000, 0x0000000086300000| Untracked 
|  23|0x0000000086300000, 0x0000000086400000, 0x0000000086400000|100%| O|  |TAMS 0x0000000086300000, 0x0000000086400000| Untracked 
|  24|0x0000000086400000, 0x0000000086500000, 0x0000000086500000|100%| O|  |TAMS 0x0000000086400000, 0x0000000086500000| Untracked 
|  25|0x0000000086500000, 0x0000000086600000, 0x0000000086600000|100%| O|  |TAMS 0x0000000086500000, 0x0000000086600000| Untracked 
|  26|0x0000000086600000, 0x0000000086700000, 0x0000000086700000|100%| O|  |TAMS 0x0000000086600000, 0x0000000086700000| Untracked 
|  27|0x0000000086700000, 0x0000000086800000, 0x0000000086800000|100%| O|  |TAMS 0x0000000086700000, 0x0000000086800000| Untracked 
|  28|0x0000000086800000, 0x0000000086900000, 0x0000000086900000|100%| O|  |TAMS 0x0000000086800000, 0x0000000086900000| Untracked 
|  29|0x0000000086900000, 0x0000000086a00000, 0x0000000086a00000|100%| O|  |TAMS 0x0000000086900000, 0x0000000086a00000| Untracked 
|  30|0x0000000086a00000, 0x0000000086b00000, 0x0000000086b00000|100%| O|  |TAMS 0x0000000086a00000, 0x0000000086b00000| Untracked 
|  31|0x0000000086b00000, 0x0000000086c00000, 0x0000000086c00000|100%| O|  |TAMS 0x0000000086b00000, 0x0000000086c00000| Untracked 
|  32|0x0000000086c00000, 0x0000000086d00000, 0x0000000086d00000|100%| O|  |TAMS 0x0000000086c00000, 0x0000000086d00000| Untracked 
|  33|0x0000000086d00000, 0x0000000086e00000, 0x0000000086e00000|100%| O|  |TAMS 0x0000000086d00000, 0x0000000086e00000| Untracked 
|  34|0x0000000086e00000, 0x0000000086f00000, 0x0000000086f00000|100%| O|  |TAMS 0x0000000086e00000, 0x0000000086f00000| Untracked 
|  35|0x0000000086f00000, 0x0000000087000000, 0x0000000087000000|100%| O|  |TAMS 0x0000000086f00000, 0x0000000087000000| Untracked 
|  36|0x0000000087000000, 0x0000000087100000, 0x0000000087100000|100%| O|  |TAMS 0x0000000087000000, 0x0000000087100000| Untracked 
|  37|0x0000000087100000, 0x0000000087200000, 0x0000000087200000|100%| O|  |TAMS 0x0000000087100000, 0x0000000087200000| Untracked 
|  38|0x0000000087200000, 0x0000000087300000, 0x0000000087300000|100%| O|  |TAMS 0x0000000087200000, 0x0000000087300000| Untracked 
|  39|0x0000000087300000, 0x0000000087400000, 0x0000000087400000|100%| O|  |TAMS 0x0000000087300000, 0x0000000087400000| Untracked 
|  40|0x0000000087400000, 0x0000000087500000, 0x0000000087500000|100%| O|  |TAMS 0x0000000087400000, 0x0000000087500000| Untracked 
|  41|0x0000000087500000, 0x0000000087600000, 0x0000000087600000|100%| O|  |TAMS 0x0000000087500000, 0x0000000087600000| Untracked 
|  42|0x0000000087600000, 0x0000000087700000, 0x0000000087700000|100%| O|  |TAMS 0x0000000087600000, 0x0000000087700000| Untracked 
|  43|0x0000000087700000, 0x0000000087800000, 0x0000000087800000|100%| O|  |TAMS 0x0000000087700000, 0x0000000087800000| Untracked 
|  44|0x0000000087800000, 0x0000000087900000, 0x0000000087900000|100%| O|  |TAMS 0x0000000087800000, 0x0000000087900000| Untracked 
|  45|0x0000000087900000, 0x0000000087a00000, 0x0000000087a00000|100%| O|  |TAMS 0x0000000087900000, 0x0000000087a00000| Untracked 
|  46|0x0000000087a00000, 0x0000000087b00000, 0x0000000087b00000|100%| O|  |TAMS 0x0000000087a00000, 0x0000000087b00000| Untracked 
|  47|0x0000000087b00000, 0x0000000087c00000, 0x0000000087c00000|100%| O|  |TAMS 0x0000000087b00000, 0x0000000087c00000| Untracked 
|  48|0x0000000087c00000, 0x0000000087d00000, 0x0000000087d00000|100%| O|  |TAMS 0x0000000087c00000, 0x0000000087d00000| Untracked 
|  49|0x0000000087d00000, 0x0000000087e00000, 0x0000000087e00000|100%| O|  |TAMS 0x0000000087d00000, 0x0000000087e00000| Untracked 
|  50|0x0000000087e00000, 0x0000000087f00000, 0x0000000087f00000|100%| O|  |TAMS 0x0000000087e00000, 0x0000000087f00000| Untracked 
|  51|0x0000000087f00000, 0x0000000088000000, 0x0000000088000000|100%| O|  |TAMS 0x0000000087f00000, 0x0000000088000000| Untracked 
|  52|0x0000000088000000, 0x0000000088100000, 0x0000000088100000|100%| O|  |TAMS 0x0000000088000000, 0x0000000088100000| Untracked 
|  53|0x0000000088100000, 0x0000000088200000, 0x0000000088200000|100%| O|  |TAMS 0x0000000088100000, 0x0000000088200000| Untracked 
|  54|0x0000000088200000, 0x0000000088300000, 0x0000000088300000|100%| O|  |TAMS 0x0000000088200000, 0x0000000088300000| Untracked 
|  55|0x0000000088300000, 0x0000000088400000, 0x0000000088400000|100%| O|  |TAMS 0x0000000088300000, 0x0000000088400000| Untracked 
|  56|0x0000000088400000, 0x0000000088500000, 0x0000000088500000|100%| O|  |TAMS 0x0000000088400000, 0x0000000088500000| Untracked 
|  57|0x0000000088500000, 0x0000000088600000, 0x0000000088600000|100%| O|  |TAMS 0x0000000088500000, 0x0000000088600000| Untracked 
|  58|0x0000000088600000, 0x0000000088700000, 0x0000000088700000|100%| O|  |TAMS 0x0000000088600000, 0x0000000088700000| Untracked 
|  59|0x0000000088700000, 0x0000000088800000, 0x0000000088800000|100%| O|  |TAMS 0x0000000088700000, 0x0000000088800000| Untracked 
|  60|0x0000000088800000, 0x0000000088900000, 0x0000000088900000|100%| O|  |TAMS 0x0000000088800000, 0x0000000088900000| Untracked 
|  61|0x0000000088900000, 0x0000000088a00000, 0x0000000088a00000|100%| O|  |TAMS 0x0000000088900000, 0x0000000088a00000| Untracked 
|  62|0x0000000088a00000, 0x0000000088b00000, 0x0000000088b00000|100%| O|  |TAMS 0x0000000088a00000, 0x0000000088b00000| Untracked 
|  63|0x0000000088b00000, 0x0000000088c00000, 0x0000000088c00000|100%| O|  |TAMS 0x0000000088b00000, 0x0000000088c00000| Untracked 
|  64|0x0000000088c00000, 0x0000000088d00000, 0x0000000088d00000|100%| O|  |TAMS 0x0000000088c00000, 0x0000000088d00000| Untracked 
|  65|0x0000000088d00000, 0x0000000088e00000, 0x0000000088e00000|100%| O|  |TAMS 0x0000000088d00000, 0x0000000088e00000| Untracked 
|  66|0x0000000088e00000, 0x0000000088f00000, 0x0000000088f00000|100%| O|  |TAMS 0x0000000088e00000, 0x0000000088f00000| Untracked 
|  67|0x0000000088f00000, 0x0000000089000000, 0x0000000089000000|100%| O|  |TAMS 0x0000000088f00000, 0x0000000089000000| Untracked 
|  68|0x0000000089000000, 0x0000000089100000, 0x0000000089100000|100%| O|  |TAMS 0x0000000089000000, 0x0000000089100000| Untracked 
|  69|0x0000000089100000, 0x0000000089200000, 0x0000000089200000|100%| O|  |TAMS 0x0000000089100000, 0x0000000089200000| Untracked 
|  70|0x0000000089200000, 0x0000000089300000, 0x0000000089300000|100%| O|  |TAMS 0x0000000089200000, 0x0000000089300000| Untracked 
|  71|0x0000000089300000, 0x0000000089400000, 0x0000000089400000|100%| O|  |TAMS 0x0000000089300000, 0x0000000089380000| Untracked 
|  72|0x0000000089400000, 0x0000000089500000, 0x0000000089500000|100%| O|  |TAMS 0x0000000089400000, 0x0000000089400000| Untracked 
|  73|0x0000000089500000, 0x0000000089600000, 0x0000000089600000|100%| O|  |TAMS 0x0000000089500000, 0x0000000089500000| Untracked 
|  74|0x0000000089600000, 0x0000000089700000, 0x0000000089700000|100%| O|  |TAMS 0x0000000089600000, 0x0000000089600000| Untracked 
|  75|0x0000000089700000, 0x0000000089800000, 0x0000000089800000|100%| O|  |TAMS 0x0000000089700000, 0x0000000089700000| Untracked 
|  76|0x0000000089800000, 0x0000000089900000, 0x0000000089900000|100%| O|  |TAMS 0x0000000089800000, 0x0000000089800000| Untracked 
|  77|0x0000000089900000, 0x0000000089a00000, 0x0000000089a00000|100%| O|  |TAMS 0x0000000089900000, 0x0000000089900000| Untracked 
|  78|0x0000000089a00000, 0x0000000089b00000, 0x0000000089b00000|100%| O|  |TAMS 0x0000000089a00000, 0x0000000089a00000| Untracked 
|  79|0x0000000089b00000, 0x0000000089c00000, 0x0000000089c00000|100%| O|  |TAMS 0x0000000089b00000, 0x0000000089b00000| Untracked 
|  80|0x0000000089c00000, 0x0000000089d00000, 0x0000000089d00000|100%| O|  |TAMS 0x0000000089c00000, 0x0000000089c00000| Untracked 
|  81|0x0000000089d00000, 0x0000000089e00000, 0x0000000089e00000|100%| O|  |TAMS 0x0000000089d00000, 0x0000000089d00000| Untracked 
|  82|0x0000000089e00000, 0x0000000089f00000, 0x0000000089f00000|100%| O|  |TAMS 0x0000000089e00000, 0x0000000089e00000| Untracked 
|  83|0x0000000089f00000, 0x000000008a000000, 0x000000008a000000|100%| O|  |TAMS 0x0000000089f00000, 0x0000000089f00000| Untracked 
|  84|0x000000008a000000, 0x000000008a100000, 0x000000008a100000|100%| O|  |TAMS 0x000000008a000000, 0x000000008a000000| Untracked 
|  85|0x000000008a100000, 0x000000008a200000, 0x000000008a200000|100%| O|  |TAMS 0x000000008a100000, 0x000000008a100000| Untracked 
|  86|0x000000008a200000, 0x000000008a300000, 0x000000008a300000|100%| O|  |TAMS 0x000000008a200000, 0x000000008a200000| Untracked 
|  87|0x000000008a300000, 0x000000008a400000, 0x000000008a400000|100%| O|  |TAMS 0x000000008a300000, 0x000000008a300000| Untracked 
|  88|0x000000008a400000, 0x000000008a500000, 0x000000008a500000|100%| O|  |TAMS 0x000000008a400000, 0x000000008a400000| Untracked 
|  89|0x000000008a500000, 0x000000008a600000, 0x000000008a600000|100%| O|  |TAMS 0x000000008a500000, 0x000000008a500000| Untracked 
|  90|0x000000008a600000, 0x000000008a700000, 0x000000008a700000|100%| O|  |TAMS 0x000000008a600000, 0x000000008a600000| Untracked 
|  91|0x000000008a700000, 0x000000008a800000, 0x000000008a800000|100%| O|  |TAMS 0x000000008a700000, 0x000000008a700000| Untracked 
|  92|0x000000008a800000, 0x000000008a900000, 0x000000008a900000|100%| O|  |TAMS 0x000000008a800000, 0x000000008a800000| Untracked 
|  93|0x000000008a900000, 0x000000008aa00000, 0x000000008aa00000|100%| O|  |TAMS 0x000000008a900000, 0x000000008a900000| Untracked 
|  94|0x000000008aa00000, 0x000000008ab00000, 0x000000008ab00000|100%| O|  |TAMS 0x000000008aa00000, 0x000000008aa00000| Untracked 
|  95|0x000000008ab00000, 0x000000008ac00000, 0x000000008ac00000|100%| O|  |TAMS 0x000000008ab00000, 0x000000008ab00000| Untracked 
|  96|0x000000008ac00000, 0x000000008ad00000, 0x000000008ad00000|100%| O|  |TAMS 0x000000008ac00000, 0x000000008ac00000| Untracked 
|  97|0x000000008ad00000, 0x000000008ae00000, 0x000000008ae00000|100%| O|  |TAMS 0x000000008ad00000, 0x000000008ad00000| Untracked 
|  98|0x000000008ae00000, 0x000000008af00000, 0x000000008af00000|100%| O|  |TAMS 0x000000008ae00000, 0x000000008ae00000| Untracked 
|  99|0x000000008af00000, 0x000000008b000000, 0x000000008b000000|100%| O|  |TAMS 0x000000008af00000, 0x000000008af00000| Untracked 
| 100|0x000000008b000000, 0x000000008b100000, 0x000000008b100000|100%| O|  |TAMS 0x000000008b000000, 0x000000008b000000| Untracked 
| 101|0x000000008b100000, 0x000000008b200000, 0x000000008b200000|100%| O|  |TAMS 0x000000008b100000, 0x000000008b100000| Untracked 
| 102|0x000000008b200000, 0x000000008b300000, 0x000000008b300000|100%| O|  |TAMS 0x000000008b200000, 0x000000008b200000| Untracked 
| 103|0x000000008b300000, 0x000000008b400000, 0x000000008b400000|100%| O|  |TAMS 0x000000008b300000, 0x000000008b300000| Untracked 
| 104|0x000000008b400000, 0x000000008b500000, 0x000000008b500000|100%| O|  |TAMS 0x000000008b400000, 0x000000008b400000| Untracked 
| 105|0x000000008b500000, 0x000000008b600000, 0x000000008b600000|100%| O|  |TAMS 0x000000008b500000, 0x000000008b500000| Untracked 
| 106|0x000000008b600000, 0x000000008b700000, 0x000000008b700000|100%| O|  |TAMS 0x000000008b600000, 0x000000008b600000| Untracked 
| 107|0x000000008b700000, 0x000000008b800000, 0x000000008b800000|100%| O|  |TAMS 0x000000008b700000, 0x000000008b700000| Untracked 
| 108|0x000000008b800000, 0x000000008b900000, 0x000000008b900000|100%| O|  |TAMS 0x000000008b800000, 0x000000008b800000| Untracked 
| 109|0x000000008b900000, 0x000000008ba00000, 0x000000008ba00000|100%| O|  |TAMS 0x000000008b900000, 0x000000008b900000| Untracked 
| 110|0x000000008ba00000, 0x000000008bb00000, 0x000000008bb00000|100%| O|  |TAMS 0x000000008ba00000, 0x000000008ba00000| Untracked 
| 111|0x000000008bb00000, 0x000000008bc00000, 0x000000008bc00000|100%| O|  |TAMS 0x000000008bb00000, 0x000000008bb00000| Untracked 
| 112|0x000000008bc00000, 0x000000008bd00000, 0x000000008bd00000|100%| O|  |TAMS 0x000000008bc00000, 0x000000008bc00000| Untracked 
| 113|0x000000008bd00000, 0x000000008be00000, 0x000000008be00000|100%| O|  |TAMS 0x000000008bd00000, 0x000000008bd00000| Untracked 
| 114|0x000000008be00000, 0x000000008bf00000, 0x000000008bf00000|100%| O|  |TAMS 0x000000008be00000, 0x000000008be00000| Untracked 
| 115|0x000000008bf00000, 0x000000008c000000, 0x000000008c000000|100%| O|  |TAMS 0x000000008bf00000, 0x000000008bf00000| Untracked 
| 116|0x000000008c000000, 0x000000008c100000, 0x000000008c100000|100%| O|  |TAMS 0x000000008c000000, 0x000000008c000000| Untracked 
| 117|0x000000008c100000, 0x000000008c200000, 0x000000008c200000|100%| O|  |TAMS 0x000000008c100000, 0x000000008c100000| Untracked 
| 118|0x000000008c200000, 0x000000008c300000, 0x000000008c300000|100%| O|  |TAMS 0x000000008c200000, 0x000000008c200000| Untracked 
| 119|0x000000008c300000, 0x000000008c400000, 0x000000008c400000|100%| O|  |TAMS 0x000000008c300000, 0x000000008c300000| Untracked 
| 120|0x000000008c400000, 0x000000008c500000, 0x000000008c500000|100%| O|  |TAMS 0x000000008c400000, 0x000000008c400000| Untracked 
| 121|0x000000008c500000, 0x000000008c600000, 0x000000008c600000|100%| O|  |TAMS 0x000000008c500000, 0x000000008c500000| Untracked 
| 122|0x000000008c600000, 0x000000008c700000, 0x000000008c700000|100%| O|  |TAMS 0x000000008c600000, 0x000000008c600000| Untracked 
| 123|0x000000008c700000, 0x000000008c800000, 0x000000008c800000|100%| O|  |TAMS 0x000000008c700000, 0x000000008c700000| Untracked 
| 124|0x000000008c800000, 0x000000008c900000, 0x000000008c900000|100%| O|  |TAMS 0x000000008c800000, 0x000000008c800000| Untracked 
| 125|0x000000008c900000, 0x000000008ca00000, 0x000000008ca00000|100%| O|  |TAMS 0x000000008c900000, 0x000000008c900000| Untracked 
| 126|0x000000008ca00000, 0x000000008cb00000, 0x000000008cb00000|100%| O|  |TAMS 0x000000008ca00000, 0x000000008ca00000| Untracked 
| 127|0x000000008cb00000, 0x000000008cc00000, 0x000000008cc00000|100%| O|  |TAMS 0x000000008cb00000, 0x000000008cb00000| Untracked 
| 128|0x000000008cc00000, 0x000000008cd00000, 0x000000008cd00000|100%| O|  |TAMS 0x000000008cc00000, 0x000000008cc00000| Untracked 
| 129|0x000000008cd00000, 0x000000008ce00000, 0x000000008ce00000|100%| O|  |TAMS 0x000000008cd00000, 0x000000008cd00000| Untracked 
| 130|0x000000008ce00000, 0x000000008cf00000, 0x000000008cf00000|100%| O|  |TAMS 0x000000008ce00000, 0x000000008ce00000| Untracked 
| 131|0x000000008cf00000, 0x000000008d000000, 0x000000008d000000|100%| O|  |TAMS 0x000000008cf00000, 0x000000008cf00000| Untracked 
| 132|0x000000008d000000, 0x000000008d100000, 0x000000008d100000|100%| O|  |TAMS 0x000000008d000000, 0x000000008d000000| Untracked 
| 133|0x000000008d100000, 0x000000008d200000, 0x000000008d200000|100%| O|  |TAMS 0x000000008d100000, 0x000000008d100000| Untracked 
| 134|0x000000008d200000, 0x000000008d300000, 0x000000008d300000|100%| O|  |TAMS 0x000000008d200000, 0x000000008d200000| Untracked 
| 135|0x000000008d300000, 0x000000008d400000, 0x000000008d400000|100%| O|  |TAMS 0x000000008d300000, 0x000000008d300000| Untracked 
| 136|0x000000008d400000, 0x000000008d500000, 0x000000008d500000|100%| O|  |TAMS 0x000000008d400000, 0x000000008d400000| Untracked 
| 137|0x000000008d500000, 0x000000008d600000, 0x000000008d600000|100%| O|  |TAMS 0x000000008d500000, 0x000000008d500000| Untracked 
| 138|0x000000008d600000, 0x000000008d700000, 0x000000008d700000|100%| O|  |TAMS 0x000000008d600000, 0x000000008d600000| Untracked 
| 139|0x000000008d700000, 0x000000008d800000, 0x000000008d800000|100%| O|  |TAMS 0x000000008d700000, 0x000000008d700000| Untracked 
| 140|0x000000008d800000, 0x000000008d900000, 0x000000008d900000|100%| O|  |TAMS 0x000000008d800000, 0x000000008d800000| Untracked 
| 141|0x000000008d900000, 0x000000008da00000, 0x000000008da00000|100%| O|  |TAMS 0x000000008d900000, 0x000000008d900000| Untracked 
| 142|0x000000008da00000, 0x000000008db00000, 0x000000008db00000|100%| O|  |TAMS 0x000000008da00000, 0x000000008da00000| Untracked 
| 143|0x000000008db00000, 0x000000008dc00000, 0x000000008dc00000|100%| O|  |TAMS 0x000000008db00000, 0x000000008db00000| Untracked 
| 144|0x000000008dc00000, 0x000000008dd00000, 0x000000008dd00000|100%| O|  |TAMS 0x000000008dc00000, 0x000000008dc00000| Untracked 
| 145|0x000000008dd00000, 0x000000008de00000, 0x000000008de00000|100%| O|  |TAMS 0x000000008dd00000, 0x000000008dd00000| Untracked 
| 146|0x000000008de00000, 0x000000008df00000, 0x000000008df00000|100%| O|  |TAMS 0x000000008de00000, 0x000000008de00000| Untracked 
| 147|0x000000008df00000, 0x000000008e000000, 0x000000008e000000|100%| O|  |TAMS 0x000000008df00000, 0x000000008df00000| Untracked 
| 148|0x000000008e000000, 0x000000008e100000, 0x000000008e100000|100%| O|  |TAMS 0x000000008e000000, 0x000000008e000000| Untracked 
| 149|0x000000008e100000, 0x000000008e200000, 0x000000008e200000|100%| O|  |TAMS 0x000000008e100000, 0x000000008e100000| Untracked 
| 150|0x000000008e200000, 0x000000008e300000, 0x000000008e300000|100%| O|  |TAMS 0x000000008e200000, 0x000000008e200000| Untracked 
| 151|0x000000008e300000, 0x000000008e400000, 0x000000008e400000|100%| O|  |TAMS 0x000000008e300000, 0x000000008e300000| Untracked 
| 152|0x000000008e400000, 0x000000008e500000, 0x000000008e500000|100%| O|  |TAMS 0x000000008e400000, 0x000000008e400000| Untracked 
| 153|0x000000008e500000, 0x000000008e600000, 0x000000008e600000|100%| O|  |TAMS 0x000000008e500000, 0x000000008e500000| Untracked 
| 154|0x000000008e600000, 0x000000008e700000, 0x000000008e700000|100%| O|  |TAMS 0x000000008e600000, 0x000000008e600000| Untracked 
| 155|0x000000008e700000, 0x000000008e800000, 0x000000008e800000|100%| O|  |TAMS 0x000000008e700000, 0x000000008e700000| Untracked 
| 156|0x000000008e800000, 0x000000008e900000, 0x000000008e900000|100%| O|  |TAMS 0x000000008e800000, 0x000000008e800000| Untracked 
| 157|0x000000008e900000, 0x000000008ea00000, 0x000000008ea00000|100%| O|  |TAMS 0x000000008e900000, 0x000000008e900000| Untracked 
| 158|0x000000008ea00000, 0x000000008eb00000, 0x000000008eb00000|100%| O|  |TAMS 0x000000008ea00000, 0x000000008ea00000| Untracked 
| 159|0x000000008eb00000, 0x000000008ec00000, 0x000000008ec00000|100%| O|  |TAMS 0x000000008eb00000, 0x000000008eb00000| Untracked 
| 160|0x000000008ec00000, 0x000000008ed00000, 0x000000008ed00000|100%| O|  |TAMS 0x000000008ec00000, 0x000000008ec00000| Untracked 
| 161|0x000000008ed00000, 0x000000008ee00000, 0x000000008ee00000|100%| O|  |TAMS 0x000000008ed00000, 0x000000008ed00000| Untracked 
| 162|0x000000008ee00000, 0x000000008ef00000, 0x000000008ef00000|100%| O|  |TAMS 0x000000008ee00000, 0x000000008ee00000| Untracked 
| 163|0x000000008ef00000, 0x000000008f000000, 0x000000008f000000|100%| O|  |TAMS 0x000000008ef00000, 0x000000008ef00000| Untracked 
| 164|0x000000008f000000, 0x000000008f100000, 0x000000008f100000|100%| O|  |TAMS 0x000000008f000000, 0x000000008f000000| Untracked 
| 165|0x000000008f100000, 0x000000008f200000, 0x000000008f200000|100%| O|  |TAMS 0x000000008f100000, 0x000000008f100000| Untracked 
| 166|0x000000008f200000, 0x000000008f300000, 0x000000008f300000|100%| O|  |TAMS 0x000000008f200000, 0x000000008f200000| Untracked 
| 167|0x000000008f300000, 0x000000008f400000, 0x000000008f400000|100%| O|  |TAMS 0x000000008f300000, 0x000000008f300000| Untracked 
| 168|0x000000008f400000, 0x000000008f500000, 0x000000008f500000|100%| O|  |TAMS 0x000000008f400000, 0x000000008f400000| Untracked 
| 169|0x000000008f500000, 0x000000008f600000, 0x000000008f600000|100%| O|  |TAMS 0x000000008f500000, 0x000000008f500000| Untracked 
| 170|0x000000008f600000, 0x000000008f700000, 0x000000008f700000|100%| O|  |TAMS 0x000000008f600000, 0x000000008f600000| Untracked 
| 171|0x000000008f700000, 0x000000008f800000, 0x000000008f800000|100%| O|  |TAMS 0x000000008f700000, 0x000000008f700000| Untracked 
| 172|0x000000008f800000, 0x000000008f900000, 0x000000008f900000|100%| O|  |TAMS 0x000000008f800000, 0x000000008f800000| Untracked 
| 173|0x000000008f900000, 0x000000008fa00000, 0x000000008fa00000|100%| O|  |TAMS 0x000000008f900000, 0x000000008f900000| Untracked 
| 174|0x000000008fa00000, 0x000000008fb00000, 0x000000008fb00000|100%| O|  |TAMS 0x000000008fa00000, 0x000000008fa00000| Untracked 
| 175|0x000000008fb00000, 0x000000008fc00000, 0x000000008fc00000|100%| O|  |TAMS 0x000000008fb00000, 0x000000008fb00000| Untracked 
| 176|0x000000008fc00000, 0x000000008fd00000, 0x000000008fd00000|100%| O|  |TAMS 0x000000008fc00000, 0x000000008fc00000| Untracked 
| 177|0x000000008fd00000, 0x000000008fd00000, 0x000000008fe00000|  0%| F|  |TAMS 0x000000008fd00000, 0x000000008fd00000| Untracked 
| 178|0x000000008fe00000, 0x000000008fe00000, 0x000000008ff00000|  0%| F|  |TAMS 0x000000008fe00000, 0x000000008fe00000| Untracked 
| 179|0x000000008ff00000, 0x000000008ff00000, 0x0000000090000000|  0%| F|  |TAMS 0x000000008ff00000, 0x000000008ff00000| Untracked 
| 180|0x0000000090000000, 0x0000000090000000, 0x0000000090100000|  0%| F|  |TAMS 0x0000000090000000, 0x0000000090000000| Untracked 
| 181|0x0000000090100000, 0x0000000090100000, 0x0000000090200000|  0%| F|  |TAMS 0x0000000090100000, 0x0000000090100000| Untracked 
| 182|0x0000000090200000, 0x0000000090200000, 0x0000000090300000|  0%| F|  |TAMS 0x0000000090200000, 0x0000000090200000| Untracked 
| 183|0x0000000090300000, 0x0000000090300000, 0x0000000090400000|  0%| F|  |TAMS 0x0000000090300000, 0x0000000090300000| Untracked 
| 184|0x0000000090400000, 0x0000000090400000, 0x0000000090500000|  0%| F|  |TAMS 0x0000000090400000, 0x0000000090400000| Untracked 
| 185|0x0000000090500000, 0x0000000090500000, 0x0000000090600000|  0%| F|  |TAMS 0x0000000090500000, 0x0000000090500000| Untracked 
| 186|0x0000000090600000, 0x0000000090600000, 0x0000000090700000|  0%| F|  |TAMS 0x0000000090600000, 0x0000000090600000| Untracked 
| 187|0x0000000090700000, 0x0000000090700000, 0x0000000090800000|  0%| F|  |TAMS 0x0000000090700000, 0x0000000090700000| Untracked 
| 188|0x0000000090800000, 0x0000000090800000, 0x0000000090900000|  0%| F|  |TAMS 0x0000000090800000, 0x0000000090800000| Untracked 
| 189|0x0000000090900000, 0x0000000090900000, 0x0000000090a00000|  0%| F|  |TAMS 0x0000000090900000, 0x0000000090900000| Untracked 
| 190|0x0000000090a00000, 0x0000000090a00000, 0x0000000090b00000|  0%| F|  |TAMS 0x0000000090a00000, 0x0000000090a00000| Untracked 
| 191|0x0000000090b00000, 0x0000000090b00000, 0x0000000090c00000|  0%| F|  |TAMS 0x0000000090b00000, 0x0000000090b00000| Untracked 
| 192|0x0000000090c00000, 0x0000000090c00000, 0x0000000090d00000|  0%| F|  |TAMS 0x0000000090c00000, 0x0000000090c00000| Untracked 
| 193|0x0000000090d00000, 0x0000000090d00000, 0x0000000090e00000|  0%| F|  |TAMS 0x0000000090d00000, 0x0000000090d00000| Untracked 
| 194|0x0000000090e00000, 0x0000000090e00000, 0x0000000090f00000|  0%| F|  |TAMS 0x0000000090e00000, 0x0000000090e00000| Untracked 
| 195|0x0000000090f00000, 0x0000000090f00000, 0x0000000091000000|  0%| F|  |TAMS 0x0000000090f00000, 0x0000000090f00000| Untracked 
| 196|0x0000000091000000, 0x0000000091000000, 0x0000000091100000|  0%| F|  |TAMS 0x0000000091000000, 0x0000000091000000| Untracked 
| 197|0x0000000091100000, 0x0000000091100000, 0x0000000091200000|  0%| F|  |TAMS 0x0000000091100000, 0x0000000091100000| Untracked 
| 198|0x0000000091200000, 0x0000000091200000, 0x0000000091300000|  0%| F|  |TAMS 0x0000000091200000, 0x0000000091200000| Untracked 
| 199|0x0000000091300000, 0x0000000091300000, 0x0000000091400000|  0%| F|  |TAMS 0x0000000091300000, 0x0000000091300000| Untracked 
| 200|0x0000000091400000, 0x0000000091400000, 0x0000000091500000|  0%| F|  |TAMS 0x0000000091400000, 0x0000000091400000| Untracked 
| 201|0x0000000091500000, 0x0000000091500000, 0x0000000091600000|  0%| F|  |TAMS 0x0000000091500000, 0x0000000091500000| Untracked 
| 202|0x0000000091600000, 0x0000000091600000, 0x0000000091700000|  0%| F|  |TAMS 0x0000000091600000, 0x0000000091600000| Untracked 
| 203|0x0000000091700000, 0x0000000091700000, 0x0000000091800000|  0%| F|  |TAMS 0x0000000091700000, 0x0000000091700000| Untracked 
| 204|0x0000000091800000, 0x0000000091800000, 0x0000000091900000|  0%| F|  |TAMS 0x0000000091800000, 0x0000000091800000| Untracked 
| 205|0x0000000091900000, 0x0000000091900000, 0x0000000091a00000|  0%| F|  |TAMS 0x0000000091900000, 0x0000000091900000| Untracked 
| 206|0x0000000091a00000, 0x0000000091a00000, 0x0000000091b00000|  0%| F|  |TAMS 0x0000000091a00000, 0x0000000091a00000| Untracked 
| 207|0x0000000091b00000, 0x0000000091b00000, 0x0000000091c00000|  0%| F|  |TAMS 0x0000000091b00000, 0x0000000091b00000| Untracked 
| 208|0x0000000091c00000, 0x0000000091c00000, 0x0000000091d00000|  0%| F|  |TAMS 0x0000000091c00000, 0x0000000091c00000| Untracked 
| 209|0x0000000091d00000, 0x0000000091d00000, 0x0000000091e00000|  0%| F|  |TAMS 0x0000000091d00000, 0x0000000091d00000| Untracked 
| 210|0x0000000091e00000, 0x0000000091e00000, 0x0000000091f00000|  0%| F|  |TAMS 0x0000000091e00000, 0x0000000091e00000| Untracked 
| 211|0x0000000091f00000, 0x0000000091f00000, 0x0000000092000000|  0%| F|  |TAMS 0x0000000091f00000, 0x0000000091f00000| Untracked 
| 212|0x0000000092000000, 0x0000000092000000, 0x0000000092100000|  0%| F|  |TAMS 0x0000000092000000, 0x0000000092000000| Untracked 
| 213|0x0000000092100000, 0x0000000092100000, 0x0000000092200000|  0%| F|  |TAMS 0x0000000092100000, 0x0000000092100000| Untracked 
| 214|0x0000000092200000, 0x0000000092200000, 0x0000000092300000|  0%| F|  |TAMS 0x0000000092200000, 0x0000000092200000| Untracked 
| 215|0x0000000092300000, 0x0000000092300000, 0x0000000092400000|  0%| F|  |TAMS 0x0000000092300000, 0x0000000092300000| Untracked 
| 216|0x0000000092400000, 0x0000000092400000, 0x0000000092500000|  0%| F|  |TAMS 0x0000000092400000, 0x0000000092400000| Untracked 
| 217|0x0000000092500000, 0x0000000092500000, 0x0000000092600000|  0%| F|  |TAMS 0x0000000092500000, 0x0000000092500000| Untracked 
| 218|0x0000000092600000, 0x0000000092600000, 0x0000000092700000|  0%| F|  |TAMS 0x0000000092600000, 0x0000000092600000| Untracked 
| 219|0x0000000092700000, 0x0000000092700000, 0x0000000092800000|  0%| F|  |TAMS 0x0000000092700000, 0x0000000092700000| Untracked 
| 220|0x0000000092800000, 0x0000000092800000, 0x0000000092900000|  0%| F|  |TAMS 0x0000000092800000, 0x0000000092800000| Untracked 
| 221|0x0000000092900000, 0x0000000092900000, 0x0000000092a00000|  0%| F|  |TAMS 0x0000000092900000, 0x0000000092900000| Untracked 
| 222|0x0000000092a00000, 0x0000000092a00000, 0x0000000092b00000|  0%| F|  |TAMS 0x0000000092a00000, 0x0000000092a00000| Untracked 
| 223|0x0000000092b00000, 0x0000000092b00000, 0x0000000092c00000|  0%| F|  |TAMS 0x0000000092b00000, 0x0000000092b00000| Untracked 
| 224|0x0000000092c00000, 0x0000000092c00000, 0x0000000092d00000|  0%| F|  |TAMS 0x0000000092c00000, 0x0000000092c00000| Untracked 
| 225|0x0000000092d00000, 0x0000000092d00000, 0x0000000092e00000|  0%| F|  |TAMS 0x0000000092d00000, 0x0000000092d00000| Untracked 
| 226|0x0000000092e00000, 0x0000000092e00000, 0x0000000092f00000|  0%| F|  |TAMS 0x0000000092e00000, 0x0000000092e00000| Untracked 
| 227|0x0000000092f00000, 0x0000000093000000, 0x0000000093000000|100%| S|CS|TAMS 0x0000000092f00000, 0x0000000092f00000| Complete 
| 228|0x0000000093000000, 0x0000000093100000, 0x0000000093100000|100%| S|CS|TAMS 0x0000000093000000, 0x0000000093000000| Complete 
| 229|0x0000000093100000, 0x0000000093200000, 0x0000000093200000|100%| S|CS|TAMS 0x0000000093100000, 0x0000000093100000| Complete 
| 230|0x0000000093200000, 0x0000000093200000, 0x0000000093300000|  0%| F|  |TAMS 0x0000000093200000, 0x0000000093200000| Untracked 
| 231|0x0000000093300000, 0x0000000093300000, 0x0000000093400000|  0%| F|  |TAMS 0x0000000093300000, 0x0000000093300000| Untracked 
| 232|0x0000000093400000, 0x0000000093400000, 0x0000000093500000|  0%| F|  |TAMS 0x0000000093400000, 0x0000000093400000| Untracked 
| 233|0x0000000093500000, 0x0000000093500000, 0x0000000093600000|  0%| F|  |TAMS 0x0000000093500000, 0x0000000093500000| Untracked 
| 234|0x0000000093600000, 0x0000000093600000, 0x0000000093700000|  0%| F|  |TAMS 0x0000000093600000, 0x0000000093600000| Untracked 
| 235|0x0000000093700000, 0x0000000093700000, 0x0000000093800000|  0%| F|  |TAMS 0x0000000093700000, 0x0000000093700000| Untracked 
| 236|0x0000000093800000, 0x0000000093800000, 0x0000000093900000|  0%| F|  |TAMS 0x0000000093800000, 0x0000000093800000| Untracked 
| 237|0x0000000093900000, 0x0000000093900000, 0x0000000093a00000|  0%| F|  |TAMS 0x0000000093900000, 0x0000000093900000| Untracked 
| 238|0x0000000093a00000, 0x0000000093a00000, 0x0000000093b00000|  0%| F|  |TAMS 0x0000000093a00000, 0x0000000093a00000| Untracked 
| 239|0x0000000093b00000, 0x0000000093b00000, 0x0000000093c00000|  0%| F|  |TAMS 0x0000000093b00000, 0x0000000093b00000| Untracked 
| 240|0x0000000093c00000, 0x0000000093c00000, 0x0000000093d00000|  0%| F|  |TAMS 0x0000000093c00000, 0x0000000093c00000| Untracked 
| 241|0x0000000093d00000, 0x0000000093d00000, 0x0000000093e00000|  0%| F|  |TAMS 0x0000000093d00000, 0x0000000093d00000| Untracked 
| 242|0x0000000093e00000, 0x0000000093e00000, 0x0000000093f00000|  0%| F|  |TAMS 0x0000000093e00000, 0x0000000093e00000| Untracked 
| 243|0x0000000093f00000, 0x0000000093f00000, 0x0000000094000000|  0%| F|  |TAMS 0x0000000093f00000, 0x0000000093f00000| Untracked 
| 244|0x0000000094000000, 0x0000000094000000, 0x0000000094100000|  0%| F|  |TAMS 0x0000000094000000, 0x0000000094000000| Untracked 
| 245|0x0000000094100000, 0x0000000094100000, 0x0000000094200000|  0%| F|  |TAMS 0x0000000094100000, 0x0000000094100000| Untracked 
| 246|0x0000000094200000, 0x0000000094200000, 0x0000000094300000|  0%| F|  |TAMS 0x0000000094200000, 0x0000000094200000| Untracked 
| 247|0x0000000094300000, 0x0000000094300000, 0x0000000094400000|  0%| F|  |TAMS 0x0000000094300000, 0x0000000094300000| Untracked 
| 248|0x0000000094400000, 0x0000000094400000, 0x0000000094500000|  0%| F|  |TAMS 0x0000000094400000, 0x0000000094400000| Untracked 
| 249|0x0000000094500000, 0x0000000094500000, 0x0000000094600000|  0%| F|  |TAMS 0x0000000094500000, 0x0000000094500000| Untracked 
|1970|0x00000000ffe00000, 0x00000000ffe34000, 0x00000000fff00000| 20%|OA|  |TAMS 0x00000000ffe00000, 0x00000000ffe34000| Untracked 
|1971|0x00000000fff00000, 0x00000000fff6a000, 0x0000000100000000| 41%|CA|  |TAMS 0x00000000fff00000, 0x00000000fff6a000| Untracked 

Card table byte_map: [0x00007f7aec3eb000,0x00007f7aec7c5000] _byte_map_base: 0x00007f7aebfc5000

Marking Bits (Prev, Next): (CMBitMap*) 0x00007f7ae8050a48, (CMBitMap*) 0x00007f7ae8050a80
 Prev Bits: [0x00007f7aca130000, 0x00007f7acc000000)
 Next Bits: [0x00007f7ac8260000, 0x00007f7aca130000)

Polling page: 0x00007f7af10c8000

Metaspace:

Usage:
  Non-class:      4.21 MB capacity,   918.64 KB ( 21%) used,     3.31 MB ( 79%) free+waste,     5.00 KB ( <1%) overhead. 
      Class:    468.00 KB capacity,    99.66 KB ( 21%) used,   365.28 KB ( 78%) free+waste,     3.06 KB ( <1%) overhead. 
       Both:      4.67 MB capacity,  1018.30 KB ( 21%) used,     3.67 MB ( 79%) free+waste,     8.06 KB ( <1%) overhead. 

Virtual space:
  Non-class space:        8.00 MB reserved,       4.25 MB ( 53%) committed 
      Class space:        1.00 GB reserved,     512.00 KB ( <1%) committed 
             Both:        1.01 GB reserved,       4.75 MB ( <1%) committed 

Chunk freelists:
   Non-Class:  36.00 KB
       Class:  0 bytes
        Both:  36.00 KB

CodeHeap 'non-profiled nmethods': size=120032Kb used=140Kb max_used=140Kb free=119891Kb
 bounds [0x00007f7ad841e000, 0x00007f7ad868e000, 0x00007f7adf956000]
CodeHeap 'profiled nmethods': size=120032Kb used=579Kb max_used=579Kb free=119452Kb
 bounds [0x00007f7ad0ee6000, 0x00007f7ad1156000, 0x00007f7ad841e000]
CodeHeap 'non-nmethods': size=5696Kb used=1051Kb max_used=1073Kb free=4644Kb
 bounds [0x00007f7ad0956000, 0x00007f7ad0bc6000, 0x00007f7ad0ee6000]
 total_blobs=792 nmethods=343 adapters=251
 compilation: enabled
              stopped_count=0, restarted_count=0
 full_count=0

Compilation events (10 events):
Event: 2.058 Thread 0x00007f7ae8112000  341 %     4       Lateral::read-list @ 0 (71 bytes)
Event: 2.181 Thread 0x00007f7ae8112000 nmethod 341% 0x00007f7ad843cc10 code [0x00007f7ad843cf00, 0x00007f7ad843e470]
Event: 2.181 Thread 0x00007f7ae8112000  338       4       Lateral::read-form (55 bytes)
Event: 2.181 Thread 0x00007f7ae8114000  342       3       Lang::car (29 bytes)
Event: 2.181 Thread 0x00007f7ae8114000 nmethod 342 0x00007f7ad0f76590 code [0x00007f7ad0f76780, 0x00007f7ad0f76c68]
Event: 2.288 Thread 0x00007f7ae8112000 nmethod 338 0x00007f7ad843ee90 code [0x00007f7ad843f140, 0x00007f7ad84401d0]
Event: 2.288 Thread 0x00007f7ae8112000  343       4       Lateral::second (9 bytes)
Event: 2.289 Thread 0x00007f7ae8112000 nmethod 343 0x00007f7ad8440c10 code [0x00007f7ad8440da0, 0x00007f7ad8440e18]
Event: 2.289 Thread 0x00007f7ae8112000  326       4       java.util.Objects::requireNonNull (14 bytes)
Event: 2.289 Thread 0x00007f7ae8112000 nmethod 326 0x00007f7ad8440f10 code [0x00007f7ad84410a0, 0x00007f7ad84410f8]

GC Heap History (10 events):
Event: 2.179 GC heap after
{Heap after GC invocations=4 (full 0):
 garbage-first heap   total 129024K, used 58488K [0x0000000084c00000, 0x0000000100000000)
  region size 1024K, 3 young (3072K), 3 survivors (3072K)
 Metaspace       used 1015K, capacity 4784K, committed 4864K, reserved 1056768K
  class space    used 99K, capacity 468K, committed 512K, reserved 1048576K
}
Event: 2.190 GC heap before
{Heap before GC invocations=4 (full 0):
 garbage-first heap   total 129024K, used 75896K [0x0000000084c00000, 0x0000000100000000)
  region size 1024K, 20 young (20480K), 3 survivors (3072K)
 Metaspace       used 1015K, capacity 4784K, committed 4864K, reserved 1056768K
  class space    used 99K, capacity 468K, committed 512K, reserved 1048576K
}
Event: 2.269 GC heap after
{Heap after GC invocations=5 (full 0):
 garbage-first heap   total 258048K, used 76920K [0x0000000084c00000, 0x0000000100000000)
  region size 1024K, 3 young (3072K), 3 survivors (3072K)
 Metaspace       used 1015K, capacity 4784K, committed 4864K, reserved 1056768K
  class space    used 99K, capacity 468K, committed 512K, reserved 1048576K
}
Event: 2.298 GC heap before
{Heap before GC invocations=5 (full 0):
 garbage-first heap   total 258048K, used 105592K [0x0000000084c00000, 0x0000000100000000)
  region size 1024K, 31 young (31744K), 3 survivors (3072K)
 Metaspace       used 1015K, capacity 4784K, committed 4864K, reserved 1056768K
  class space    used 99K, capacity 468K, committed 512K, reserved 1048576K
}
Event: 2.455 GC heap after
{Heap after GC invocations=6 (full 0):
 garbage-first heap   total 258048K, used 106616K [0x0000000084c00000, 0x0000000100000000)
  region size 1024K, 4 young (4096K), 4 survivors (4096K)
 Metaspace       used 1015K, capacity 4784K, committed 4864K, reserved 1056768K
  class space    used 99K, capacity 468K, committed 512K, reserved 1048576K
}
Event: 2.467 GC heap before
{Heap before GC invocations=6 (full 0):
 garbage-first heap   total 258048K, used 134264K [0x0000000084c00000, 0x0000000100000000)
  region size 1024K, 31 young (31744K), 4 survivors (4096K)
 Metaspace       used 1015K, capacity 4784K, committed 4864K, reserved 1056768K
  class space    used 99K, capacity 468K, committed 512K, reserved 1048576K
}
Event: 2.622 GC heap after
{Heap after GC invocations=7 (full 0):
 garbage-first heap   total 258048K, used 134776K [0x0000000084c00000, 0x0000000100000000)
  region size 1024K, 4 young (4096K), 4 survivors (4096K)
 Metaspace       used 1015K, capacity 4784K, committed 4864K, reserved 1056768K
  class space    used 99K, capacity 468K, committed 512K, reserved 1048576K
}
Event: 2.631 GC heap before
{Heap before GC invocations=7 (full 0):
 garbage-first heap   total 258048K, used 162424K [0x0000000084c00000, 0x0000000100000000)
  region size 1024K, 31 young (31744K), 4 survivors (4096K)
 Metaspace       used 1018K, capacity 4784K, committed 4864K, reserved 1056768K
  class space    used 99K, capacity 468K, committed 512K, reserved 1048576K
}
Event: 2.796 GC heap after
{Heap after GC invocations=8 (full 0):
 garbage-first heap   total 258048K, used 162936K [0x0000000084c00000, 0x0000000100000000)
  region size 1024K, 4 young (4096K), 4 survivors (4096K)
 Metaspace       used 1018K, capacity 4784K, committed 4864K, reserved 1056768K
  class space    used 99K, capacity 468K, committed 512K, reserved 1048576K
}
Event: 2.804 GC heap before
{Heap before GC invocations=8 (full 0):
 garbage-first heap   total 258048K, used 183416K [0x0000000084c00000, 0x0000000100000000)
  region size 1024K, 24 young (24576K), 4 survivors (4096K)
 Metaspace       used 1018K, capacity 4784K, committed 4864K, reserved 1056768K
  class space    used 99K, capacity 468K, committed 512K, reserved 1048576K
}

Deoptimization events (10 events):
Event: 1.824 Thread 0x00007f7ae8012000 Uncommon trap: trap_request=0xffffff4d fr.pc=0x00007f7ad84356f0 relative=0x0000000000000050
Event: 1.824 Thread 0x00007f7ae8012000 Uncommon trap: reason=unstable_if action=reinterpret pc=0x00007f7ad84356f0 method=Lang.cdr(Ljava/lang/Object;)Ljava/lang/Object; @ 1 c2
Event: 1.824 Thread 0x00007f7ae8012000 DEOPT PACKING pc=0x00007f7ad84356f0 sp=0x00007f7af109a7d0
Event: 1.824 Thread 0x00007f7ae8012000 DEOPT UNPACKING pc=0x00007f7ad097ea25 sp=0x00007f7af109a788 mode 2
Event: 2.181 Thread 0x00007f7ae8012000 DEOPT PACKING pc=0x00007f7ad0f56e2c sp=0x00007f7af109a800
Event: 2.181 Thread 0x00007f7ae8012000 DEOPT UNPACKING pc=0x00007f7ad097e83a sp=0x00007f7af1099d30 mode 0
Event: 2.181 Thread 0x00007f7ae8012000 Uncommon trap: trap_request=0xffffff4d fr.pc=0x00007f7ad842c3f0 relative=0x0000000000000050
Event: 2.181 Thread 0x00007f7ae8012000 Uncommon trap: reason=unstable_if action=reinterpret pc=0x00007f7ad842c3f0 method=Lang.car(Ljava/lang/Object;)Ljava/lang/Object; @ 1 c2
Event: 2.181 Thread 0x00007f7ae8012000 DEOPT PACKING pc=0x00007f7ad842c3f0 sp=0x00007f7af109a810
Event: 2.181 Thread 0x00007f7ae8012000 DEOPT UNPACKING pc=0x00007f7ad097ea25 sp=0x00007f7af109a7d0 mode 2

Classes redefined (0 events):
No events

Internal exceptions (3 events):
Event: 0.075 Thread 0x00007f7ae8012000 Exception <a 'java/lang/NoSuchMethodError'{0x000000008c625b80}: 'int java.lang.invoke.DirectMethodHandle$Holder.invokeSpecialIFC(java.lang.Object, java.lang.Object, int)'> (0x000000008c625b80) thrown at [/build/openjdk-lts-7bqZff/openjdk-lts-11.0.4+11/src
Event: 1.824 Thread 0x00007f7ae8012000 Implicit null exception at 0x00007f7ad84356ac to 0x00007f7ad84356e2
Event: 2.181 Thread 0x00007f7ae8012000 Implicit null exception at 0x00007f7ad842c3ac to 0x00007f7ad842c3e2

Events (10 events):
Event: 2.298 Executing VM operation: G1CollectForAllocation
Event: 2.455 Executing VM operation: G1CollectForAllocation done
Event: 2.467 Executing VM operation: G1CollectForAllocation
Event: 2.622 Executing VM operation: G1CollectForAllocation done
Event: 2.622 loading class jdk/internal/misc/Signal$1
Event: 2.622 loading class jdk/internal/misc/Signal$1 done
Event: 2.622 Thread 0x00007f7aa0003000 Thread added: 0x00007f7aa0003000
Event: 2.631 Executing VM operation: G1CollectForAllocation
Event: 2.796 Executing VM operation: G1CollectForAllocation done
Event: 2.804 Executing VM operation: G1CollectForAllocation


Dynamic libraries:
84c00000-94600000 rw-p 00000000 00:00 0 
b3e00000-ffe00000 ---p 00000000 00:00 0 
ffe00000-ffe34000 rw-p 01116000 08:05 5244916                            /usr/lib/jvm/java-11-openjdk-amd64/lib/server/classes.jsa
ffe34000-fff00000 rw-p 00000000 00:00 0 
fff00000-fff6a000 rw-p 010ac000 08:05 5244916                            /usr/lib/jvm/java-11-openjdk-amd64/lib/server/classes.jsa
fff6a000-100000000 rw-p 00000000 00:00 0 
800000000-800002000 rwxp 00001000 08:05 5244916                          /usr/lib/jvm/java-11-openjdk-amd64/lib/server/classes.jsa
800002000-8003bd000 rw-p 00003000 08:05 5244916                          /usr/lib/jvm/java-11-openjdk-amd64/lib/server/classes.jsa
8003bd000-800a98000 r--p 003be000 08:05 5244916                          /usr/lib/jvm/java-11-openjdk-amd64/lib/server/classes.jsa
800a98000-800a99000 rw-p 00a99000 08:05 5244916                          /usr/lib/jvm/java-11-openjdk-amd64/lib/server/classes.jsa
800a99000-8010ab000 r--p 00a9a000 08:05 5244916                          /usr/lib/jvm/java-11-openjdk-amd64/lib/server/classes.jsa
840000000-840080000 rw-p 00000000 00:00 0 
840080000-880000000 ---p 00000000 00:00 0 
555d6707f000-555d67080000 r-xp 00000000 08:05 1966677                    /usr/lib/jvm/java-11-openjdk-amd64/bin/java
555d67280000-555d67281000 r--p 00001000 08:05 1966677                    /usr/lib/jvm/java-11-openjdk-amd64/bin/java
555d67281000-555d67282000 rw-p 00002000 08:05 1966677                    /usr/lib/jvm/java-11-openjdk-amd64/bin/java
555d68845000-555d68866000 rw-p 00000000 00:00 0                          [heap]
7f7a74000000-7f7a74021000 rw-p 00000000 00:00 0 
7f7a74021000-7f7a78000000 ---p 00000000 00:00 0 
7f7a7c000000-7f7a7c021000 rw-p 00000000 00:00 0 
7f7a7c021000-7f7a80000000 ---p 00000000 00:00 0 
7f7a80000000-7f7a80021000 rw-p 00000000 00:00 0 
7f7a80021000-7f7a84000000 ---p 00000000 00:00 0 
7f7a84000000-7f7a84021000 rw-p 00000000 00:00 0 
7f7a84021000-7f7a88000000 ---p 00000000 00:00 0 
7f7a88000000-7f7a88021000 rw-p 00000000 00:00 0 
7f7a88021000-7f7a8c000000 ---p 00000000 00:00 0 
7f7a8fbf9000-7f7a8fbfd000 ---p 00000000 00:00 0 
7f7a8fbfd000-7f7a8fcfa000 rw-p 00000000 00:00 0 
7f7a8fcfa000-7f7a8fcfb000 ---p 00000000 00:00 0 
7f7a8fcfb000-7f7a8fdfc000 rw-p 00000000 00:00 0 
7f7a8fdfc000-7f7a8fdfd000 ---p 00000000 00:00 0 
7f7a8fdfd000-7f7a8fefe000 rw-p 00000000 00:00 0 
7f7a8fefe000-7f7a8feff000 ---p 00000000 00:00 0 
7f7a8feff000-7f7a90000000 rw-p 00000000 00:00 0 
7f7a90000000-7f7a90021000 rw-p 00000000 00:00 0 
7f7a90021000-7f7a94000000 ---p 00000000 00:00 0 
7f7a94000000-7f7a94021000 rw-p 00000000 00:00 0 
7f7a94021000-7f7a98000000 ---p 00000000 00:00 0 
7f7a98000000-7f7a98241000 rw-p 00000000 00:00 0 
7f7a98241000-7f7a9c000000 ---p 00000000 00:00 0 
7f7a9c000000-7f7a9c021000 rw-p 00000000 00:00 0 
7f7a9c021000-7f7aa0000000 ---p 00000000 00:00 0 
7f7aa0000000-7f7aa0021000 rw-p 00000000 00:00 0 
7f7aa0021000-7f7aa4000000 ---p 00000000 00:00 0 
7f7aa4000000-7f7aa44ac000 rw-p 00000000 00:00 0 
7f7aa44ac000-7f7aa8000000 ---p 00000000 00:00 0 
7f7aa8000000-7f7aa8021000 rw-p 00000000 00:00 0 
7f7aa8021000-7f7aac000000 ---p 00000000 00:00 0 
7f7aac000000-7f7aac021000 rw-p 00000000 00:00 0 
7f7aac021000-7f7ab0000000 ---p 00000000 00:00 0 
7f7ab0000000-7f7ab0021000 rw-p 00000000 00:00 0 
7f7ab0021000-7f7ab4000000 ---p 00000000 00:00 0 
7f7ab4000000-7f7ab4075000 rw-p 00000000 00:00 0 
7f7ab4075000-7f7ab8000000 ---p 00000000 00:00 0 
7f7ab8000000-7f7ab8021000 rw-p 00000000 00:00 0 
7f7ab8021000-7f7abc000000 ---p 00000000 00:00 0 
7f7abc000000-7f7abc021000 rw-p 00000000 00:00 0 
7f7abc021000-7f7ac0000000 ---p 00000000 00:00 0 
7f7ac0100000-7f7ac0116000 r-xp 00000000 08:05 1968607                    /usr/lib/jvm/java-11-openjdk-amd64/lib/libnet.so
7f7ac0116000-7f7ac0315000 ---p 00016000 08:05 1968607                    /usr/lib/jvm/java-11-openjdk-amd64/lib/libnet.so
7f7ac0315000-7f7ac0316000 r--p 00015000 08:05 1968607                    /usr/lib/jvm/java-11-openjdk-amd64/lib/libnet.so
7f7ac0316000-7f7ac0317000 rw-p 00016000 08:05 1968607                    /usr/lib/jvm/java-11-openjdk-amd64/lib/libnet.so
7f7ac0317000-7f7ac0327000 r-xp 00000000 08:05 1968608                    /usr/lib/jvm/java-11-openjdk-amd64/lib/libnio.so
7f7ac0327000-7f7ac0526000 ---p 00010000 08:05 1968608                    /usr/lib/jvm/java-11-openjdk-amd64/lib/libnio.so
7f7ac0526000-7f7ac0527000 r--p 0000f000 08:05 1968608                    /usr/lib/jvm/java-11-openjdk-amd64/lib/libnio.so
7f7ac0527000-7f7ac0528000 rw-p 00010000 08:05 1968608                    /usr/lib/jvm/java-11-openjdk-amd64/lib/libnio.so
7f7ac0528000-7f7ac052c000 ---p 00000000 00:00 0 
7f7ac052c000-7f7ac0629000 rw-p 00000000 00:00 0 
7f7ac0629000-7f7ac062a000 ---p 00000000 00:00 0 
7f7ac062a000-7f7ac072b000 rw-p 00000000 00:00 0 
7f7ac072b000-7f7ac072f000 ---p 00000000 00:00 0 
7f7ac072f000-7f7ac082c000 rw-p 00000000 00:00 0 
7f7ac082c000-7f7ac0830000 ---p 00000000 00:00 0 
7f7ac0830000-7f7ac092d000 rw-p 00000000 00:00 0 
7f7ac092d000-7f7ac0931000 ---p 00000000 00:00 0 
7f7ac0931000-7f7ac0a2e000 rw-p 00000000 00:00 0 
7f7ac0a2e000-7f7ac0a32000 ---p 00000000 00:00 0 
7f7ac0a32000-7f7ac0b2f000 rw-p 00000000 00:00 0 
7f7ac0b2f000-7f7ac0b33000 ---p 00000000 00:00 0 
7f7ac0b33000-7f7ac0c30000 rw-p 00000000 00:00 0 
7f7ac0c30000-7f7ac16ff000 r--p 00000000 08:05 1317516                    /usr/lib/locale/locale-archive
7f7ac16ff000-7f7ac1703000 ---p 00000000 00:00 0 
7f7ac1703000-7f7ac1c40000 rw-p 00000000 00:00 0 
7f7ac1c40000-7f7ac2000000 ---p 00000000 00:00 0 
7f7ac2000000-7f7ac4000000 rw-p 00000000 00:00 0 
7f7ac4000000-7f7ac4021000 rw-p 00000000 00:00 0 
7f7ac4021000-7f7ac8000000 ---p 00000000 00:00 0 
7f7ac805d000-7f7ac8061000 ---p 00000000 00:00 0 
7f7ac8061000-7f7ac815e000 rw-p 00000000 00:00 0 
7f7ac815e000-7f7ac815f000 ---p 00000000 00:00 0 
7f7ac815f000-7f7ac8648000 rw-p 00000000 00:00 0 
7f7ac8648000-7f7aca128000 ---p 00000000 00:00 0 
7f7aca128000-7f7aca518000 rw-p 00000000 00:00 0 
7f7aca518000-7f7acbff8000 ---p 00000000 00:00 0 
7f7acbff8000-7f7acc000000 rw-p 00000000 00:00 0 
7f7acc000000-7f7acc021000 rw-p 00000000 00:00 0 
7f7acc021000-7f7ad0000000 ---p 00000000 00:00 0 
7f7ad003d000-7f7ad014a000 rw-p 00000000 00:00 0 
7f7ad014a000-7f7ad014b000 ---p 00000000 00:00 0 
7f7ad014b000-7f7ad024c000 rw-p 00000000 00:00 0 
7f7ad024c000-7f7ad024d000 ---p 00000000 00:00 0 
7f7ad024d000-7f7ad0752000 rw-p 00000000 00:00 0 
7f7ad0752000-7f7ad0753000 ---p 00000000 00:00 0 
7f7ad0753000-7f7ad0854000 rw-p 00000000 00:00 0 
7f7ad0854000-7f7ad0855000 ---p 00000000 00:00 0 
7f7ad0855000-7f7ad0956000 rw-p 00000000 00:00 0 
7f7ad0956000-7f7ad0bc6000 rwxp 00000000 00:00 0 
7f7ad0bc6000-7f7ad0ee6000 ---p 00000000 00:00 0 
7f7ad0ee6000-7f7ad1156000 rwxp 00000000 00:00 0 
7f7ad1156000-7f7ad841e000 ---p 00000000 00:00 0 
7f7ad841e000-7f7ad868e000 rwxp 00000000 00:00 0 
7f7ad868e000-7f7adf956000 ---p 00000000 00:00 0 
7f7adf956000-7f7ae8000000 r--s 00000000 08:05 1968617                    /usr/lib/jvm/java-11-openjdk-amd64/lib/modules
7f7ae8000000-7f7ae81a3000 rw-p 00000000 00:00 0 
7f7ae81a3000-7f7aec000000 ---p 00000000 00:00 0 
7f7aec011000-7f7aec08e000 rw-p 00000000 00:00 0 
7f7aec08e000-7f7aec3ea000 ---p 00000000 00:00 0 
7f7aec3ea000-7f7aec468000 rw-p 00000000 00:00 0 
7f7aec468000-7f7aec7c4000 ---p 00000000 00:00 0 
7f7aec7c4000-7f7aec842000 rw-p 00000000 00:00 0 
7f7aec842000-7f7aecb9e000 ---p 00000000 00:00 0 
7f7aecb9e000-7f7aecfa3000 rw-p 00000000 00:00 0 
7f7aecfa3000-7f7aecfa4000 ---p 00000000 00:00 0 
7f7aecfa4000-7f7aed0aa000 rw-p 00000000 00:00 0 
7f7aed0aa000-7f7aed190000 ---p 00000000 00:00 0 
7f7aed190000-7f7aed195000 rw-p 00000000 00:00 0 
7f7aed195000-7f7aed27b000 ---p 00000000 00:00 0 
7f7aed27b000-7f7aed280000 r-xp 00000000 08:05 1968599                    /usr/lib/jvm/java-11-openjdk-amd64/lib/libjimage.so
7f7aed280000-7f7aed47f000 ---p 00005000 08:05 1968599                    /usr/lib/jvm/java-11-openjdk-amd64/lib/libjimage.so
7f7aed47f000-7f7aed480000 r--p 00004000 08:05 1968599                    /usr/lib/jvm/java-11-openjdk-amd64/lib/libjimage.so
7f7aed480000-7f7aed481000 rw-p 00005000 08:05 1968599                    /usr/lib/jvm/java-11-openjdk-amd64/lib/libjimage.so
7f7aed481000-7f7aed488000 r-xp 00000000 08:05 1968616                    /usr/lib/jvm/java-11-openjdk-amd64/lib/libzip.so
7f7aed488000-7f7aed687000 ---p 00007000 08:05 1968616                    /usr/lib/jvm/java-11-openjdk-amd64/lib/libzip.so
7f7aed687000-7f7aed688000 r--p 00006000 08:05 1968616                    /usr/lib/jvm/java-11-openjdk-amd64/lib/libzip.so
7f7aed688000-7f7aed689000 rw-p 00007000 08:05 1968616                    /usr/lib/jvm/java-11-openjdk-amd64/lib/libzip.so
7f7aed689000-7f7aed694000 r-xp 00000000 08:05 6689570                    /lib/x86_64-linux-gnu/libnss_files-2.27.so
7f7aed694000-7f7aed893000 ---p 0000b000 08:05 6689570                    /lib/x86_64-linux-gnu/libnss_files-2.27.so
7f7aed893000-7f7aed894000 r--p 0000a000 08:05 6689570                    /lib/x86_64-linux-gnu/libnss_files-2.27.so
7f7aed894000-7f7aed895000 rw-p 0000b000 08:05 6689570                    /lib/x86_64-linux-gnu/libnss_files-2.27.so
7f7aed895000-7f7aed89b000 rw-p 00000000 00:00 0 
7f7aed89b000-7f7aed8b2000 r-xp 00000000 08:05 6689564                    /lib/x86_64-linux-gnu/libnsl-2.27.so
7f7aed8b2000-7f7aedab1000 ---p 00017000 08:05 6689564                    /lib/x86_64-linux-gnu/libnsl-2.27.so
7f7aedab1000-7f7aedab2000 r--p 00016000 08:05 6689564                    /lib/x86_64-linux-gnu/libnsl-2.27.so
7f7aedab2000-7f7aedab3000 rw-p 00017000 08:05 6689564                    /lib/x86_64-linux-gnu/libnsl-2.27.so
7f7aedab3000-7f7aedab5000 rw-p 00000000 00:00 0 
7f7aedab5000-7f7aedac0000 r-xp 00000000 08:05 6689581                    /lib/x86_64-linux-gnu/libnss_nis-2.27.so
7f7aedac0000-7f7aedcbf000 ---p 0000b000 08:05 6689581                    /lib/x86_64-linux-gnu/libnss_nis-2.27.so
7f7aedcbf000-7f7aedcc0000 r--p 0000a000 08:05 6689581                    /lib/x86_64-linux-gnu/libnss_nis-2.27.so
7f7aedcc0000-7f7aedcc1000 rw-p 0000b000 08:05 6689581                    /lib/x86_64-linux-gnu/libnss_nis-2.27.so
7f7aedcc1000-7f7aedcc9000 r-xp 00000000 08:05 6689566                    /lib/x86_64-linux-gnu/libnss_compat-2.27.so
7f7aedcc9000-7f7aedec9000 ---p 00008000 08:05 6689566                    /lib/x86_64-linux-gnu/libnss_compat-2.27.so
7f7aedec9000-7f7aedeca000 r--p 00008000 08:05 6689566                    /lib/x86_64-linux-gnu/libnss_compat-2.27.so
7f7aedeca000-7f7aedecb000 rw-p 00009000 08:05 6689566                    /lib/x86_64-linux-gnu/libnss_compat-2.27.so
7f7aedecb000-7f7aedef4000 r-xp 00000000 08:05 1968595                    /usr/lib/jvm/java-11-openjdk-amd64/lib/libjava.so
7f7aedef4000-7f7aee0f3000 ---p 00029000 08:05 1968595                    /usr/lib/jvm/java-11-openjdk-amd64/lib/libjava.so
7f7aee0f3000-7f7aee0f4000 r--p 00028000 08:05 1968595                    /usr/lib/jvm/java-11-openjdk-amd64/lib/libjava.so
7f7aee0f4000-7f7aee0f6000 rw-p 00029000 08:05 1968595                    /usr/lib/jvm/java-11-openjdk-amd64/lib/libjava.so
7f7aee0f6000-7f7aee103000 r-xp 00000000 08:05 1968615                    /usr/lib/jvm/java-11-openjdk-amd64/lib/libverify.so
7f7aee103000-7f7aee302000 ---p 0000d000 08:05 1968615                    /usr/lib/jvm/java-11-openjdk-amd64/lib/libverify.so
7f7aee302000-7f7aee304000 r--p 0000c000 08:05 1968615                    /usr/lib/jvm/java-11-openjdk-amd64/lib/libverify.so
7f7aee304000-7f7aee305000 rw-p 0000e000 08:05 1968615                    /usr/lib/jvm/java-11-openjdk-amd64/lib/libverify.so
7f7aee305000-7f7aee30c000 r-xp 00000000 08:05 6689621                    /lib/x86_64-linux-gnu/librt-2.27.so
7f7aee30c000-7f7aee50b000 ---p 00007000 08:05 6689621                    /lib/x86_64-linux-gnu/librt-2.27.so
7f7aee50b000-7f7aee50c000 r--p 00006000 08:05 6689621                    /lib/x86_64-linux-gnu/librt-2.27.so
7f7aee50c000-7f7aee50d000 rw-p 00007000 08:05 6689621                    /lib/x86_64-linux-gnu/librt-2.27.so
7f7aee50d000-7f7aee524000 r-xp 00000000 08:05 6687410                    /lib/x86_64-linux-gnu/libgcc_s.so.1
7f7aee524000-7f7aee723000 ---p 00017000 08:05 6687410                    /lib/x86_64-linux-gnu/libgcc_s.so.1
7f7aee723000-7f7aee724000 r--p 00016000 08:05 6687410                    /lib/x86_64-linux-gnu/libgcc_s.so.1
7f7aee724000-7f7aee725000 rw-p 00017000 08:05 6687410                    /lib/x86_64-linux-gnu/libgcc_s.so.1
7f7aee725000-7f7aee8c2000 r-xp 00000000 08:05 6689543                    /lib/x86_64-linux-gnu/libm-2.27.so
7f7aee8c2000-7f7aeeac1000 ---p 0019d000 08:05 6689543                    /lib/x86_64-linux-gnu/libm-2.27.so
7f7aeeac1000-7f7aeeac2000 r--p 0019c000 08:05 6689543                    /lib/x86_64-linux-gnu/libm-2.27.so
7f7aeeac2000-7f7aeeac3000 rw-p 0019d000 08:05 6689543                    /lib/x86_64-linux-gnu/libm-2.27.so
7f7aeeac3000-7f7aeec3c000 r-xp 00000000 08:05 1310913                    /usr/lib/x86_64-linux-gnu/libstdc++.so.6.0.25
7f7aeec3c000-7f7aeee3c000 ---p 00179000 08:05 1310913                    /usr/lib/x86_64-linux-gnu/libstdc++.so.6.0.25
7f7aeee3c000-7f7aeee46000 r--p 00179000 08:05 1310913                    /usr/lib/x86_64-linux-gnu/libstdc++.so.6.0.25
7f7aeee46000-7f7aeee48000 rw-p 00183000 08:05 1310913                    /usr/lib/x86_64-linux-gnu/libstdc++.so.6.0.25
7f7aeee48000-7f7aeee4c000 rw-p 00000000 00:00 0 
7f7aeee4c000-7f7aeff18000 r-xp 00000000 08:05 5244913                    /usr/lib/jvm/java-11-openjdk-amd64/lib/server/libjvm.so
7f7aeff18000-7f7af0117000 ---p 010cc000 08:05 5244913                    /usr/lib/jvm/java-11-openjdk-amd64/lib/server/libjvm.so
7f7af0117000-7f7af01d4000 r--p 010cb000 08:05 5244913                    /usr/lib/jvm/java-11-openjdk-amd64/lib/server/libjvm.so
7f7af01d4000-7f7af020d000 rw-p 01188000 08:05 5244913                    /usr/lib/jvm/java-11-openjdk-amd64/lib/server/libjvm.so
7f7af020d000-7f7af0263000 rw-p 00000000 00:00 0 
7f7af0263000-7f7af027d000 r-xp 00000000 08:05 6689613                    /lib/x86_64-linux-gnu/libpthread-2.27.so
7f7af027d000-7f7af047c000 ---p 0001a000 08:05 6689613                    /lib/x86_64-linux-gnu/libpthread-2.27.so
7f7af047c000-7f7af047d000 r--p 00019000 08:05 6689613                    /lib/x86_64-linux-gnu/libpthread-2.27.so
7f7af047d000-7f7af047e000 rw-p 0001a000 08:05 6689613                    /lib/x86_64-linux-gnu/libpthread-2.27.so
7f7af047e000-7f7af0482000 rw-p 00000000 00:00 0 
7f7af0482000-7f7af0485000 r-xp 00000000 08:05 6689503                    /lib/x86_64-linux-gnu/libdl-2.27.so
7f7af0485000-7f7af0684000 ---p 00003000 08:05 6689503                    /lib/x86_64-linux-gnu/libdl-2.27.so
7f7af0684000-7f7af0685000 r--p 00002000 08:05 6689503                    /lib/x86_64-linux-gnu/libdl-2.27.so
7f7af0685000-7f7af0686000 rw-p 00003000 08:05 6689503                    /lib/x86_64-linux-gnu/libdl-2.27.so
7f7af0686000-7f7af06a2000 r-xp 00000000 08:05 6689652                    /lib/x86_64-linux-gnu/libz.so.1.2.11
7f7af06a2000-7f7af08a1000 ---p 0001c000 08:05 6689652                    /lib/x86_64-linux-gnu/libz.so.1.2.11
7f7af08a1000-7f7af08a2000 r--p 0001b000 08:05 6689652                    /lib/x86_64-linux-gnu/libz.so.1.2.11
7f7af08a2000-7f7af08a3000 rw-p 0001c000 08:05 6689652                    /lib/x86_64-linux-gnu/libz.so.1.2.11
7f7af08a3000-7f7af0a8a000 r-xp 00000000 08:05 6689480                    /lib/x86_64-linux-gnu/libc-2.27.so
7f7af0a8a000-7f7af0c8a000 ---p 001e7000 08:05 6689480                    /lib/x86_64-linux-gnu/libc-2.27.so
7f7af0c8a000-7f7af0c8e000 r--p 001e7000 08:05 6689480                    /lib/x86_64-linux-gnu/libc-2.27.so
7f7af0c8e000-7f7af0c90000 rw-p 001eb000 08:05 6689480                    /lib/x86_64-linux-gnu/libc-2.27.so
7f7af0c90000-7f7af0c94000 rw-p 00000000 00:00 0 
7f7af0c94000-7f7af0ca4000 r-xp 00000000 08:05 5244910                    /usr/lib/jvm/java-11-openjdk-amd64/lib/jli/libjli.so
7f7af0ca4000-7f7af0ea3000 ---p 00010000 08:05 5244910                    /usr/lib/jvm/java-11-openjdk-amd64/lib/jli/libjli.so
7f7af0ea3000-7f7af0ea4000 r--p 0000f000 08:05 5244910                    /usr/lib/jvm/java-11-openjdk-amd64/lib/jli/libjli.so
7f7af0ea4000-7f7af0ea5000 rw-p 00010000 08:05 5244910                    /usr/lib/jvm/java-11-openjdk-amd64/lib/jli/libjli.so
7f7af0ea5000-7f7af0ecc000 r-xp 00000000 08:05 6689452                    /lib/x86_64-linux-gnu/ld-2.27.so
7f7af0ef3000-7f7af0f9f000 rw-p 00000000 00:00 0 
7f7af0f9f000-7f7af0fa3000 ---p 00000000 00:00 0 
7f7af0fa3000-7f7af10a2000 rw-p 00000000 00:00 0 
7f7af10b2000-7f7af10b7000 rw-p 00000000 00:00 0 
7f7af10b7000-7f7af10be000 ---p 00000000 00:00 0 
7f7af10be000-7f7af10c0000 r--s 00007000 08:05 1710559                    /usr/share/java/java-atk-wrapper.jar
7f7af10c0000-7f7af10c8000 rw-s 00000000 08:05 7086115                    /tmp/hsperfdata_david/7718
7f7af10c8000-7f7af10c9000 ---p 00000000 00:00 0 
7f7af10c9000-7f7af10ca000 r--p 00000000 00:00 0 
7f7af10ca000-7f7af10cc000 rw-p 00000000 00:00 0 
7f7af10cc000-7f7af10cd000 r--p 00027000 08:05 6689452                    /lib/x86_64-linux-gnu/ld-2.27.so
7f7af10cd000-7f7af10ce000 rw-p 00028000 08:05 6689452                    /lib/x86_64-linux-gnu/ld-2.27.so
7f7af10ce000-7f7af10cf000 rw-p 00000000 00:00 0 
7ffdca963000-7ffdca984000 rw-p 00000000 00:00 0                          [stack]
7ffdca9ad000-7ffdca9b0000 r--p 00000000 00:00 0                          [vvar]
7ffdca9b0000-7ffdca9b2000 r-xp 00000000 00:00 0                          [vdso]
ffffffffff600000-ffffffffff601000 r-xp 00000000 00:00 0                  [vsyscall]


VM Arguments:
java_command: Helper
java_class_path (initial): .
Launcher Type: SUN_STANDARD

[Global flags]
     intx CICompilerCount                          = 3                                         {product} {ergonomic}
     uint ConcGCThreads                            = 1                                         {product} {ergonomic}
     uint G1ConcRefinementThreads                  = 4                                         {product} {ergonomic}
   size_t G1HeapRegionSize                         = 1048576                                   {product} {ergonomic}
    uintx GCDrainStackTargetSize                   = 64                                        {product} {ergonomic}
   size_t InitialHeapSize                          = 130023424                                 {product} {ergonomic}
   size_t MarkStackSize                            = 4194304                                   {product} {ergonomic}
   size_t MaxHeapSize                              = 2067791872                                {product} {ergonomic}
   size_t MaxNewSize                               = 1240465408                                {product} {ergonomic}
   size_t MinHeapDeltaBytes                        = 1048576                                   {product} {ergonomic}
    uintx NonNMethodCodeHeapSize                   = 5830092                                {pd product} {ergonomic}
    uintx NonProfiledCodeHeapSize                  = 122914074                              {pd product} {ergonomic}
    uintx ProfiledCodeHeapSize                     = 122914074                              {pd product} {ergonomic}
    uintx ReservedCodeCacheSize                    = 251658240                              {pd product} {ergonomic}
     bool SegmentedCodeCache                       = true                                      {product} {ergonomic}
     bool UseCompressedClassPointers               = true                                 {lp64_product} {ergonomic}
     bool UseCompressedOops                        = true                                 {lp64_product} {ergonomic}
     bool UseG1GC                                  = true                                      {product} {ergonomic}

Logging:
Log output configuration:
 #0: stdout all=warning uptime,level,tags
 #1: stderr all=off uptime,level,tags

Environment Variables:
PATH=/home/david/bin:/home/david/.local/bin:/usr/local/sbin:/usr/local/bin:/usr/sbin:/usr/bin:/sbin:/bin:/usr/games:/usr/local/games:/snap/bin
USERNAME=david
SHELL=/bin/bash
DISPLAY=:0

Signal Handlers:
SIGSEGV: [libjvm.so+0xde5f50], sa_mask[0]=11111111011111111101111111111110, sa_flags=SA_RESTART|SA_SIGINFO
SIGBUS: [libjvm.so+0xde5f50], sa_mask[0]=11111111011111111101111111111110, sa_flags=SA_RESTART|SA_SIGINFO
SIGFPE: [libjvm.so+0xde5f50], sa_mask[0]=11111111011111111101111111111110, sa_flags=SA_RESTART|SA_SIGINFO
SIGPIPE: [libjvm.so+0xbba5b0], sa_mask[0]=11111111011111111101111111111110, sa_flags=SA_RESTART|SA_SIGINFO
SIGXFSZ: [libjvm.so+0xbba5b0], sa_mask[0]=11111111011111111101111111111110, sa_flags=SA_RESTART|SA_SIGINFO
SIGILL: [libjvm.so+0xde5f50], sa_mask[0]=11111111011111111101111111111110, sa_flags=SA_RESTART|SA_SIGINFO
SIGUSR2: [libjvm.so+0xbba450], sa_mask[0]=00000000000000000000000000000000, sa_flags=SA_RESTART|SA_SIGINFO
SIGHUP: [libjvm.so+0xbba7b0], sa_mask[0]=11111111011111111101111111111110, sa_flags=SA_RESTART|SA_SIGINFO
SIGINT: [libjvm.so+0xbba7b0], sa_mask[0]=11111111011111111101111111111110, sa_flags=SA_RESTART|SA_SIGINFO
SIGTERM: [libjvm.so+0xbba7b0], sa_mask[0]=11111111011111111101111111111110, sa_flags=SA_RESTART|SA_SIGINFO
SIGQUIT: [libjvm.so+0xbba7b0], sa_mask[0]=11111111011111111101111111111110, sa_flags=SA_RESTART|SA_SIGINFO


---------------  S Y S T E M  ---------------

OS:DISTRIB_ID=Ubuntu
DISTRIB_RELEASE=18.04
DISTRIB_CODENAME=bionic
DISTRIB_DESCRIPTION="Ubuntu 18.04.3 LTS"
uname:Linux 4.15.0-58-generic #64-Ubuntu SMP Tue Aug 6 11:12:41 UTC 2019 x86_64
libc:glibc 2.27 NPTL 2.27 
rlimit: STACK 8192k, CORE 0k, NPROC 30313, NOFILE 4096, AS infinity, DATA infinity, FSIZE infinity
load average:1.40 1.52 1.83

/proc/meminfo:
MemTotal:        8069800 kB
MemFree:          113872 kB
MemAvailable:      90420 kB
Buffers:            8432 kB
Cached:           729536 kB
SwapCached:        10764 kB
Active:          6699256 kB
Inactive:         871188 kB
Active(anon):    6592944 kB
Inactive(anon):   826808 kB
Active(file):     106312 kB
Inactive(file):    44380 kB
Unevictable:       13596 kB
Mlocked:           13596 kB
SwapTotal:       2097148 kB
SwapFree:         193592 kB
Dirty:               860 kB
Writeback:           556 kB
AnonPages:       6836872 kB
Mapped:           546784 kB
Shmem:            573400 kB
Slab:             160468 kB
SReclaimable:      72196 kB
SUnreclaim:        88272 kB
KernelStack:       22176 kB
PageTables:        97840 kB
NFS_Unstable:          0 kB
Bounce:                0 kB
WritebackTmp:          0 kB
CommitLimit:     6132048 kB
Committed_AS:   22147072 kB
VmallocTotal:   34359738367 kB
VmallocUsed:           0 kB
VmallocChunk:          0 kB
HardwareCorrupted:     0 kB
AnonHugePages:         0 kB
ShmemHugePages:        0 kB
ShmemPmdMapped:        0 kB
CmaTotal:              0 kB
CmaFree:               0 kB
HugePages_Total:       0
HugePages_Free:        0
HugePages_Rsvd:        0
HugePages_Surp:        0
Hugepagesize:       2048 kB
DirectMap4k:     1539164 kB
DirectMap2M:     6752256 kB
DirectMap1G:     1048576 kB


/proc/sys/kernel/threads-max (system-wide limit on the number of threads):
60626


/proc/sys/vm/max_map_count (maximum number of memory map areas a process may have):
65530


/proc/sys/kernel/pid_max (system-wide limit on number of process identifiers):
32768



container (cgroup) information:
container_type: cgroupv1
cpu_cpuset_cpus: 0-3
cpu_memory_nodes: 0
active_processor_count: 4
cpu_quota: -1
cpu_period: 100000
cpu_shares: -1
memory_limit_in_bytes: -1
memory_and_swap_limit_in_bytes: -2
memory_soft_limit_in_bytes: -1
memory_usage_in_bytes: 7766634496
memory_max_usage_in_bytes: 2013310976

Steal ticks since vm start: 0
Steal ticks percentage since vm start:  0.000

CPU:total 4 (initial active 4) (2 cores per cpu, 2 threads per core) family 6 model 61 stepping 4, cmov, cx8, fxsr, mmx, sse, sse2, sse3, ssse3, sse4.1, sse4.2, popcnt, avx, avx2, aes, clmul, erms, 3dnowpref, lzcnt, ht, tsc, tscinvbit, bmi1, bmi2, adx, fma
CPU Model and flags from /proc/cpuinfo:
model name	: Intel(R) Core(TM) i5-5200U CPU @ 2.20GHz
flags		: fpu vme de pse tsc msr pae mce cx8 apic sep mtrr pge mca cmov pat pse36 clflush dts acpi mmx fxsr sse sse2 ss ht tm pbe syscall nx pdpe1gb rdtscp lm constant_tsc arch_perfmon pebs bts rep_good nopl xtopology nonstop_tsc cpuid aperfmperf pni pclmulqdq dtes64 monitor ds_cpl vmx est tm2 ssse3 sdbg fma cx16 xtpr pdcm pcid sse4_1 sse4_2 x2apic movbe popcnt tsc_deadline_timer aes xsave avx f16c rdrand lahf_lm abm 3dnowprefetch cpuid_fault epb invpcid_single pti ssbd ibrs ibpb stibp tpr_shadow vnmi flexpriority ept vpid fsgsbase tsc_adjust bmi1 avx2 smep bmi2 erms invpcid rdseed adx smap intel_pt xsaveopt dtherm ida arat pln pts md_clear flush_l1d

Memory: 4k page, physical 8069800k(113872k free), swap 2097148k(193592k free)

vm_info: OpenJDK 64-Bit Server VM (11.0.4+11-post-Ubuntu-1ubuntu218.04.3) for linux-amd64 JRE (11.0.4+11-post-Ubuntu-1ubuntu218.04.3), built on Jul 18 2019 18:21:46 by "buildd" with gcc 7.4.0

END.
